[21-04-08 11:27:01:627][INFO ][com.cube.CubeBootApplication][main]Starting CubeBootApplication using Java 1.8.0_191 on chiwei-PC with PID 20916 (E:\code\cube-xxl-job-executor\target\classes started by chiwei in E:\code\cube-xxl-job-executor)
[21-04-08 11:27:01:630][INFO ][com.cube.CubeBootApplication][main]The following profiles are active: dev
[21-04-08 11:27:02:519][INFO ][org.springframework.cloud.context.scope.GenericScope][main]BeanFactory id=60d80644-8a10-3ef9-aa1d-602b06ed8fb5
[21-04-08 11:27:02:558][INFO ][com.ulisesbocchio.jasyptspringboot.configuration.EnableEncryptablePropertiesBeanFactoryPostProcessor][main]Post-processing PropertySource instances
[21-04-08 11:27:02:581][INFO ][com.ulisesbocchio.jasyptspringboot.EncryptablePropertySourceConverter][main]Converting PropertySource configurationProperties [org.springframework.boot.context.properties.source.ConfigurationPropertySourcesPropertySource] to AOP Proxy
[21-04-08 11:27:02:582][INFO ][com.ulisesbocchio.jasyptspringboot.EncryptablePropertySourceConverter][main]Converting PropertySource servletConfigInitParams [org.springframework.core.env.PropertySource$StubPropertySource] to EncryptablePropertySourceWrapper
[21-04-08 11:27:02:582][INFO ][com.ulisesbocchio.jasyptspringboot.EncryptablePropertySourceConverter][main]Converting PropertySource servletContextInitParams [org.springframework.core.env.PropertySource$StubPropertySource] to EncryptablePropertySourceWrapper
[21-04-08 11:27:02:582][INFO ][com.ulisesbocchio.jasyptspringboot.EncryptablePropertySourceConverter][main]Converting PropertySource systemProperties [org.springframework.core.env.PropertiesPropertySource] to EncryptableMapPropertySourceWrapper
[21-04-08 11:27:02:582][INFO ][com.ulisesbocchio.jasyptspringboot.EncryptablePropertySourceConverter][main]Converting PropertySource systemEnvironment [org.springframework.boot.env.SystemEnvironmentPropertySourceEnvironmentPostProcessor$OriginAwareSystemEnvironmentPropertySource] to EncryptableSystemEnvironmentPropertySourceWrapper
[21-04-08 11:27:02:582][INFO ][com.ulisesbocchio.jasyptspringboot.EncryptablePropertySourceConverter][main]Converting PropertySource random [org.springframework.boot.env.RandomValuePropertySource] to EncryptablePropertySourceWrapper
[21-04-08 11:27:02:582][INFO ][com.ulisesbocchio.jasyptspringboot.EncryptablePropertySourceConverter][main]Converting PropertySource Config resource 'file [config\application-dev.properties]' via location 'optional:file:./config/' [org.springframework.boot.env.OriginTrackedMapPropertySource] to EncryptableMapPropertySourceWrapper
[21-04-08 11:27:02:583][INFO ][com.ulisesbocchio.jasyptspringboot.EncryptablePropertySourceConverter][main]Converting PropertySource Config resource 'file [config\application.properties]' via location 'optional:file:./config/' [org.springframework.boot.env.OriginTrackedMapPropertySource] to EncryptableMapPropertySourceWrapper
[21-04-08 11:27:02:661][INFO ][com.ulisesbocchio.jasyptspringboot.filter.DefaultLazyPropertyFilter][main]Property Filter custom Bean not found with name 'encryptablePropertyFilter'. Initializing Default Property Filter
[21-04-08 11:27:02:829][INFO ][com.ulisesbocchio.jasyptspringboot.resolver.DefaultLazyPropertyResolver][main]Property Resolver custom Bean not found with name 'encryptablePropertyResolver'. Initializing Default Property Resolver
[21-04-08 11:27:02:832][INFO ][com.ulisesbocchio.jasyptspringboot.detector.DefaultLazyPropertyDetector][main]Property Detector custom Bean not found with name 'encryptablePropertyDetector'. Initializing Default Property Detector
[21-04-08 11:27:03:349][INFO ][org.springframework.boot.web.embedded.tomcat.TomcatWebServer][main]Tomcat initialized with port(s): 8080 (http)
[21-04-08 11:27:03:360][INFO ][org.apache.catalina.core.StandardService][main]Starting service [Tomcat]
[21-04-08 11:27:03:360][INFO ][org.apache.catalina.core.StandardEngine][main]Starting Servlet engine: [Apache Tomcat/9.0.43]
[21-04-08 11:27:03:503][INFO ][org.apache.catalina.core.ContainerBase.[Tomcat].[localhost].[/cube]][main]Initializing Spring embedded WebApplicationContext
[21-04-08 11:27:03:503][INFO ][org.springframework.boot.web.servlet.context.ServletWebServerApplicationContext][main]Root WebApplicationContext: initialization completed in 1655 ms
[21-04-08 11:27:03:577][INFO ][com.cube.config.XxlExecutorConfig][main]XxlJobSpringExecutor init ...
[21-04-08 11:27:03:783][INFO ][org.springframework.scheduling.concurrent.ThreadPoolTaskExecutor][main]Initializing ExecutorService 'applicationTaskExecutor'
[21-04-08 11:27:04:006][INFO ][org.springframework.scheduling.concurrent.ThreadPoolTaskScheduler][main]Initializing ExecutorService 'taskScheduler'
[21-04-08 11:27:04:025][INFO ][com.xxl.job.core.executor.XxlJobExecutor][main]>>>>>>>>>>> xxl-job register jobhandler success, name:myJobHandler, jobHandler:com.xxl.job.core.handler.impl.MethodJobHandler@58ba5b30[class com.cube.job.MyJob#myJobHandler]
[21-04-08 11:27:04:079][WARN ][com.xxl.job.core.executor.XxlJobExecutor][main]>>>>>>>>>>> xxl-job accessToken is empty. To ensure system security, please set the accessToken.
[21-04-08 11:27:04:107][INFO ][org.springframework.boot.web.embedded.tomcat.TomcatWebServer][main]Tomcat started on port(s): 8080 (http) with context path '/cube'
[21-04-08 11:27:04:121][INFO ][com.cube.CubeBootApplication][main]Started CubeBootApplication in 2.899 seconds (JVM running for 3.322)
[21-04-08 11:27:04:124][INFO ][com.cube.CubeBootApplication][main]
----------------------------------------------------------
	Application is running! Access URLs:
	swagger-ui: 	http://ip:port/${context-path}/swagger-ui.html
	If you set the api switch true! 
	----------------------------------------------------------
[21-04-08 11:27:04:652][INFO ][com.xxl.job.core.server.EmbedServer][Thread-5]>>>>>>>>>>> xxl-job remoting server start success, nettype = class com.xxl.job.core.server.EmbedServer, port = 9999
